#
# There is insufficient memory for the Java Runtime Environment to continue.
# Native memory allocation (mmap) failed to map 132120576 bytes for G1 virtual space
# Possible reasons:
#   The system is out of physical RAM or swap space
#   The process is running with CompressedOops enabled, and the Java Heap may be blocking the growth of the native heap
# Possible solutions:
#   Reduce memory load on the system
#   Increase physical memory or swap space
#   Check if swap backing store is full
#   Decrease Java heap size (-Xmx/-Xms)
#   Decrease number of Java threads
#   Decrease Java thread stack sizes (-Xss)
#   Set larger code cache with -XX:ReservedCodeCacheSize=
#   JVM is running with Unscaled Compressed Oops mode in which the Java heap is
#     placed in the first 4GB address space. The Java Heap base address is the
#     maximum limit for the native heap growth. Please use -XX:HeapBaseMinAddress
#     to set the Java Heap base and to place the Java Heap above 4GB virtual address.
# This output file may be truncated or incomplete.
#
#  Out of Memory Error (os_windows.cpp:3613), pid=16368, tid=14072
#
# JRE version:  (17.0.9+9) (build )
# Java VM: OpenJDK 64-Bit Server VM (17.0.9+9, mixed mode, sharing, tiered, compressed oops, compressed class ptrs, g1 gc, windows-amd64)
# No core dump will be written. Minidumps are not enabled by default on client versions of Windows
#

---------------  S U M M A R Y ------------

Command Line: -Dfile.encoding=UTF-8 -Dstdout.encoding=UTF-8 -Dstderr.encoding=UTF-8 -XX:+ShowCodeDetailsInExceptionMessages teste

Host: Intel(R) Core(TM) i5-10210U CPU @ 1.60GHz, 8 cores, 7G,  Windows 11 , 64 bit Build 22000 (10.0.22000.2538)
Time: Mon Dec 11 11:39:23 2023 Hora oficial do Brasil elapsed time: 0.010547 seconds (0d 0h 0m 0s)

---------------  T H R E A D  ---------------

Current thread (0x00000220e25484c0):  JavaThread "Unknown thread" [_thread_in_vm, id=14072, stack(0x00000044b7b00000,0x00000044b7c00000)]

Stack: [0x00000044b7b00000,0x00000044b7c00000]
Native frames: (J=compiled Java code, j=interpreted, Vv=VM code, C=native code)
V  [jvm.dll+0x67cf49]
V  [jvm.dll+0x83478a]
V  [jvm.dll+0x83624e]
V  [jvm.dll+0x8368b3]
V  [jvm.dll+0x247f1f]
V  [jvm.dll+0x679d69]
V  [jvm.dll+0x66e6ba]
V  [jvm.dll+0x307e5b]
V  [jvm.dll+0x30f306]
V  [jvm.dll+0x35f0ce]
V  [jvm.dll+0x35f2ff]
V  [jvm.dll+0x2dea58]
V  [jvm.dll+0x2df9c4]
V  [jvm.dll+0x806031]
V  [jvm.dll+0x36cf31]
V  [jvm.dll+0x7e4aac]
V  [jvm.dll+0x3f07af]
V  [jvm.dll+0x3f23e1]
C  [jli.dll+0x528f]
C  [ucrtbase.dll+0x26c0c]
C  [KERNEL32.DLL+0x153e0]
C  [ntdll.dll+0x485b]


---------------  P R O C E S S  ---------------

Threads class SMR info:
_java_thread_list=0x00007ffbc3eeee98, length=0, elements={
}

Java Threads: ( => current thread )

Other Threads:
  0x00000220e25a24c0 GCTaskThread "GC Thread#0" [stack: 0x00000044b7c00000,0x00000044b7d00000] [id=13696]
  0x00000220e25b2fd0 ConcurrentGCThread "G1 Main Marker" [stack: 0x00000044b7d00000,0x00000044b7e00000] [id=17108]
  0x00000220e25b51a0 ConcurrentGCThread "G1 Conc#0" [stack: 0x00000044b7e00000,0x00000044b7f00000] [id=12640]

[error occurred during error reporting (printing all threads), id 0xc0000005, EXCEPTION_ACCESS_VIOLATION (0xc0000005) at pc=0x00007ffbc36af497]

VM state: not at safepoint (not fully initialized)

VM Mutex/Monitor currently owned by a thread:  ([mutex/lock_event])
[0x00000220e2541f00] Heap_lock - owner thread: 0x00000220e25484c0

Heap address: 0x0000000082200000, size: 2014 MB, Compressed Oops mode: 32-bit

CDS archive(s) mapped at: [0x0000000000000000-0x0000000000000000-0x0000000000000000), size 0, SharedBaseAddress: 0x0000000800000000, ArchiveRelocationMode: 1.
Narrow klass base: 0x0000000000000000, Narrow klass shift: 0, Narrow klass range: 0x0

GC Precious Log:
<Empty>

Heap:
 garbage-first heap   total 0K, used 0K [0x0000000082200000, 0x0000000100000000)
  region size 1024K, 0 young (0K), 0 survivors (0K)

[error occurred during error reporting (printing heap information), id 0xc0000005, EXCEPTION_ACCESS_VIOLATION (0xc0000005) at pc=0x00007ffbc3a96c79]

GC Heap History (0 events):
No events

Dll operation events (1 events):
Event: 0.005 Loaded shared library C:\Users\enzoc\.p2\pool\plugins\org.eclipse.justj.openjdk.hotspot.jre.full.win32.x86_64_17.0.9.v20231028-0858\jre\bin\java.dll

Deoptimization events (0 events):
No events

Classes unloaded (0 events):
No events

Classes redefined (0 events):
No events

Internal exceptions (0 events):
No events

VM Operations (0 events):
No events

Events (0 events):
No events


Dynamic libraries:
0x00007ff7e0e50000 - 0x00007ff7e0e5e000 	C:\Users\enzoc\.p2\pool\plugins\org.eclipse.justj.openjdk.hotspot.jre.full.win32.x86_64_17.0.9.v20231028-0858\jre\bin\javaw.exe
0x00007ffbfff00000 - 0x00007ffc00109000 	C:\Windows\SYSTEM32\ntdll.dll
0x00007ffbffba0000 - 0x00007ffbffc5d000 	C:\Windows\System32\KERNEL32.DLL
0x00007ffbfd5a0000 - 0x00007ffbfd924000 	C:\Windows\System32\KERNELBASE.dll
0x00007ffbfd3c0000 - 0x00007ffbfd4d1000 	C:\Windows\System32\ucrtbase.dll
0x00007ffbdb520000 - 0x00007ffbdb537000 	C:\Users\enzoc\.p2\pool\plugins\org.eclipse.justj.openjdk.hotspot.jre.full.win32.x86_64_17.0.9.v20231028-0858\jre\bin\jli.dll
0x00007ffbd9520000 - 0x00007ffbd953b000 	C:\Users\enzoc\.p2\pool\plugins\org.eclipse.justj.openjdk.hotspot.jre.full.win32.x86_64_17.0.9.v20231028-0858\jre\bin\VCRUNTIME140.dll
0x00007ffbfe890000 - 0x00007ffbfea3d000 	C:\Windows\System32\USER32.dll
0x00007ffbfd390000 - 0x00007ffbfd3b6000 	C:\Windows\System32\win32u.dll
0x00007ffbe9f80000 - 0x00007ffbea225000 	C:\Windows\WinSxS\amd64_microsoft.windows.common-controls_6595b64144ccf1df_6.0.22000.120_none_9d947278b86cc467\COMCTL32.dll
0x00007ffbffe20000 - 0x00007ffbffe4a000 	C:\Windows\System32\GDI32.dll
0x00007ffbfe7e0000 - 0x00007ffbfe883000 	C:\Windows\System32\msvcrt.dll
0x00007ffbfd930000 - 0x00007ffbfda4e000 	C:\Windows\System32\gdi32full.dll
0x00007ffbfdcb0000 - 0x00007ffbfdd4d000 	C:\Windows\System32\msvcp_win.dll
0x00007ffbfe1f0000 - 0x00007ffbfe221000 	C:\Windows\System32\IMM32.DLL
0x00007ffbf9680000 - 0x00007ffbf968c000 	C:\Users\enzoc\.p2\pool\plugins\org.eclipse.justj.openjdk.hotspot.jre.full.win32.x86_64_17.0.9.v20231028-0858\jre\bin\vcruntime140_1.dll
0x00007ffbd6a60000 - 0x00007ffbd6aed000 	C:\Users\enzoc\.p2\pool\plugins\org.eclipse.justj.openjdk.hotspot.jre.full.win32.x86_64_17.0.9.v20231028-0858\jre\bin\msvcp140.dll
0x00007ffbc33c0000 - 0x00007ffbc4021000 	C:\Users\enzoc\.p2\pool\plugins\org.eclipse.justj.openjdk.hotspot.jre.full.win32.x86_64_17.0.9.v20231028-0858\jre\bin\server\jvm.dll
0x00007ffbfeb60000 - 0x00007ffbfec0e000 	C:\Windows\System32\ADVAPI32.dll
0x00007ffbfe6b0000 - 0x00007ffbfe74e000 	C:\Windows\System32\sechost.dll
0x00007ffbff190000 - 0x00007ffbff2b1000 	C:\Windows\System32\RPCRT4.dll
0x00007ffbf9850000 - 0x00007ffbf9859000 	C:\Windows\SYSTEM32\WSOCK32.dll
0x00007ffbfd0c0000 - 0x00007ffbfd10d000 	C:\Windows\SYSTEM32\POWRPROF.dll
0x00007ffbf7210000 - 0x00007ffbf7243000 	C:\Windows\SYSTEM32\WINMM.dll
0x00007ffbffe50000 - 0x00007ffbffebf000 	C:\Windows\System32\WS2_32.dll
0x00007ffbf7500000 - 0x00007ffbf750a000 	C:\Windows\SYSTEM32\VERSION.dll
0x00007ffbfd0a0000 - 0x00007ffbfd0b3000 	C:\Windows\SYSTEM32\UMPDC.dll
0x00007ffbfc3c0000 - 0x00007ffbfc3d8000 	C:\Windows\SYSTEM32\kernel.appcore.dll
0x00007ffbf86c0000 - 0x00007ffbf86ca000 	C:\Users\enzoc\.p2\pool\plugins\org.eclipse.justj.openjdk.hotspot.jre.full.win32.x86_64_17.0.9.v20231028-0858\jre\bin\jimage.dll
0x00007ffbfa600000 - 0x00007ffbfa821000 	C:\Windows\SYSTEM32\DBGHELP.DLL
0x00007ffbc8ef0000 - 0x00007ffbc8f21000 	C:\Windows\SYSTEM32\dbgcore.DLL
0x00007ffbfdbc0000 - 0x00007ffbfdc3f000 	C:\Windows\System32\bcryptPrimitives.dll
0x00007ffbeeb20000 - 0x00007ffbeeb45000 	C:\Users\enzoc\.p2\pool\plugins\org.eclipse.justj.openjdk.hotspot.jre.full.win32.x86_64_17.0.9.v20231028-0858\jre\bin\java.dll

dbghelp: loaded successfully - version: 4.0.5 - missing functions: none
symbol engine: initialized successfully - sym options: 0x614 - pdb path: .;C:\Users\enzoc\.p2\pool\plugins\org.eclipse.justj.openjdk.hotspot.jre.full.win32.x86_64_17.0.9.v20231028-0858\jre\bin;C:\Windows\SYSTEM32;C:\Windows\WinSxS\amd64_microsoft.windows.common-controls_6595b64144ccf1df_6.0.22000.120_none_9d947278b86cc467;C:\Users\enzoc\.p2\pool\plugins\org.eclipse.justj.openjdk.hotspot.jre.full.win32.x86_64_17.0.9.v20231028-0858\jre\bin\server

VM Arguments:
jvm_args: -Dfile.encoding=UTF-8 -Dstdout.encoding=UTF-8 -Dstderr.encoding=UTF-8 -XX:+ShowCodeDetailsInExceptionMessages 
java_command: teste
java_class_path (initial): C:\Program Files\WorkspaceEclipse\Teste\bin;C:\Program Files\WorkspaceEclipse\Teste\miglayout15-swing.jar;C:\Program Files\WorkspaceEclipse\Teste\jgoodies-forms-1.8.0.jar
Launcher Type: SUN_STANDARD

[Global flags]
     intx CICompilerCount                          = 4                                         {product} {ergonomic}
     uint ConcGCThreads                            = 2                                         {product} {ergonomic}
     uint G1ConcRefinementThreads                  = 8                                         {product} {ergonomic}
   size_t G1HeapRegionSize                         = 1048576                                   {product} {ergonomic}
    uintx GCDrainStackTargetSize                   = 64                                        {product} {ergonomic}
   size_t InitialHeapSize                          = 132120576                                 {product} {ergonomic}
   size_t MarkStackSize                            = 4194304                                   {product} {ergonomic}
   size_t MaxHeapSize                              = 2111832064                                {product} {ergonomic}
   size_t MinHeapDeltaBytes                        = 1048576                                   {product} {ergonomic}
   size_t MinHeapSize                              = 8388608                                   {product} {ergonomic}
    uintx NonNMethodCodeHeapSize                   = 5839372                                {pd product} {ergonomic}
    uintx NonProfiledCodeHeapSize                  = 122909434                              {pd product} {ergonomic}
    uintx ProfiledCodeHeapSize                     = 122909434                              {pd product} {ergonomic}
    uintx ReservedCodeCacheSize                    = 251658240                              {pd product} {ergonomic}
     bool SegmentedCodeCache                       = true                                      {product} {ergonomic}
     bool ShowCodeDetailsInExceptionMessages       = true                                   {manageable} {command line}
   size_t SoftMaxHeapSize                          = 2111832064                             {manageable} {ergonomic}
     bool UseCompressedClassPointers               = true                           {product lp64_product} {ergonomic}
     bool UseCompressedOops                        = true                           {product lp64_product} {ergonomic}
     bool UseG1GC                                  = true                                      {product} {ergonomic}
     bool UseLargePagesIndividualAllocation        = false                                  {pd product} {ergonomic}

Logging:
Log output configuration:
 #0: stdout all=warning uptime,level,tags
 #1: stderr all=off uptime,level,tags

Environment Variables:
PATH=C:/Users/enzoc/.p2/pool/plugins/org.eclipse.justj.openjdk.hotspot.jre.full.win32.x86_64_17.0.9.v20231028-0858/jre/bin/server;C:/Users/enzoc/.p2/pool/plugins/org.eclipse.justj.openjdk.hotspot.jre.full.win32.x86_64_17.0.9.v20231028-0858/jre/bin;C:\Program Files\Eclipse Foundation\jdk-8.0.302.8-hotspot\bin;C:\Program Files (x86)\Common Files\Oracle\Java\javapath;C:\Windows\system32;C:\Windows;C:\Windows\System32\Wbem;C:\Windows\System32\WindowsPowerShell\v1.0\;C:\Windows\System32\OpenSSH\;C:\Program Files\Docker\Docker\resources\bin;C:\ProgramData\DockerDesktop\version-bin;C:\Program Files\nodejs\;C:\ProgramData\chocolatey\bin;C:\Program Files\Git\cmd;C:\TDM-GCC-64\bin;C:\MinGW\bin;C:\MinGW\mingw32\bin;C:\Program Files\Microsoft SQL Server\130\Tools\Binn\;C:\Program Files\Microsoft SQL Server\Client SDK\ODBC\170\Tools\Binn\;C:\Program Files\MySQL\MySQL Shell 8.0\bin\;C:\Users\enzoc\AppData\Local\Microsoft\WindowsApps;;C:\Users\enzoc\AppData\Local\Programs\Microsoft VS Code\bin;C:\Users\enzoc\AppData\Roaming\npm;C:\Users\enzoc\OneDrive\Área de Trabalho;
USERNAME=enzoc
OS=Windows_NT
PROCESSOR_IDENTIFIER=Intel64 Family 6 Model 142 Stepping 12, GenuineIntel
TMP=C:\Users\enzoc\AppData\Local\Temp
TEMP=C:\Users\enzoc\AppData\Local\Temp



Periodic native trim disabled


---------------  S Y S T E M  ---------------

OS:
 Windows 11 , 64 bit Build 22000 (10.0.22000.2538)
OS uptime: 1 days 17:39 hours
Hyper-V role detected

CPU: total 8 (initial active 8) (4 cores per cpu, 2 threads per core) family 6 model 142 stepping 12 microcode 0xde, cx8, cmov, fxsr, ht, mmx, 3dnowpref, sse, sse2, sse3, ssse3, sse4.1, sse4.2, popcnt, lzcnt, tsc, tscinvbit, avx, avx2, aes, erms, clmul, bmi1, bmi2, adx, fma, vzeroupper, clflush, clflushopt, hv
Processor Information for all 8 processors :
  Max Mhz: 2101, Current Mhz: 2101, Mhz Limit: 2101

Memory: 4k page, system-wide physical 8048M (586M free)
TotalPageFile size 9950M (AvailPageFile size 47M)
current process WorkingSet (physical memory assigned to process): 10M, peak: 10M
current process commit charge ("private bytes"): 60M, peak: 186M

vm_info: OpenJDK 64-Bit Server VM (17.0.9+9) for windows-amd64 JRE (17.0.9+9), built on Oct 26 2023 14:01:42 by "admin" with MS VC++ 16.10 / 16.11 (VS2019)

END.
